<?xml version="1.0" encoding="UTF-8"?>
<coverage generated="1781273157247" clover="3.2.0">
  <project timestamp="1781273157248" name="All files">
    <metrics statements="38" coveredstatements="34" conditionals="20" coveredconditionals="20" methods="2" coveredmethods="2" elements="60" coveredelements="56" complexity="0" loc="38" ncloc="38" packages="1" files="1" classes="1"/>
    <file name="auth.controller.js" path="C:\rncp\backend\src\controllers\auth.controller.js">
      <metrics statements="38" coveredstatements="34" conditionals="20" coveredconditionals="20" methods="2" coveredmethods="2"/>
      <line num="6" count="1" type="stmt"/>
      <line num="9" count="1" type="stmt"/>
      <line num="12" count="1" type="stmt"/>
      <line num="18" count="1" type="stmt"/>
      <line num="19" count="5" type="stmt"/>
      <line num="25" count="5" type="stmt"/>
      <line num="31" count="5" type="cond" truecount="2" falsecount="0"/>
      <line num="37" count="1" type="stmt"/>
      <line num="43" count="4" type="cond" truecount="2" falsecount="0"/>
      <line num="44" count="1" type="stmt"/>
      <line num="50" count="3" type="stmt"/>
      <line num="55" count="3" type="cond" truecount="2" falsecount="0"/>
      <line num="56" count="1" type="stmt"/>
      <line num="67" count="2" type="stmt"/>
      <line num="72" count="2" type="cond" truecount="2" falsecount="0"/>
      <line num="73" count="1" type="stmt"/>
      <line num="84" count="1" type="stmt"/>
      <line num="90" count="1" type="stmt"/>
      <line num="114" count="1" type="stmt"/>
      <line num="129" count="1" type="stmt"/>
      <line num="137" count="0" type="stmt"/>
      <line num="139" count="0" type="stmt"/>
      <line num="150" count="1" type="stmt"/>
      <line num="151" count="4" type="stmt"/>
      <line num="155" count="4" type="stmt"/>
      <line num="161" count="4" type="cond" truecount="4" falsecount="0"/>
      <line num="162" count="1" type="stmt"/>
      <line num="172" count="3" type="stmt"/>
      <line num="177" count="3" type="cond" truecount="2" falsecount="0"/>
      <line num="178" count="1" type="stmt"/>
      <line num="189" count="2" type="stmt"/>
      <line num="194" count="2" type="cond" truecount="2" falsecount="0"/>
      <line num="195" count="1" type="stmt"/>
      <line num="205" count="1" type="stmt"/>
      <line num="220" count="1" type="stmt"/>
      <line num="233" count="0" type="stmt"/>
      <line num="235" count="0" type="stmt"/>
      <line num="246" count="1" type="stmt"/>
    </file>
  </project>
</coverage>
