{"C:\\rncp\\backend\\src\\controllers\\auth.controller.js": {"path":"C:\\rncp\\backend\\src\\controllers\\auth.controller.js","statementMap":{"0":{"start":{"line":6,"column":13},"end":{"line":6,"column":36}},"1":{"start":{"line":9,"column":15},"end":{"line":9,"column":34}},"2":{"start":{"line":12,"column":12},"end":{"line":12,"column":35}},"3":{"start":{"line":18,"column":17},"end":{"line":144,"column":1}},"4":{"start":{"line":19,"column":2},"end":{"line":143,"column":3}},"5":{"start":{"line":25,"column":8},"end":{"line":25,"column":16}},"6":{"start":{"line":31,"column":4},"end":{"line":41,"column":5}},"7":{"start":{"line":37,"column":6},"end":{"line":40,"column":9}},"8":{"start":{"line":43,"column":4},"end":{"line":48,"column":5}},"9":{"start":{"line":44,"column":6},"end":{"line":47,"column":9}},"10":{"start":{"line":50,"column":25},"end":{"line":53,"column":5}},"11":{"start":{"line":55,"column":4},"end":{"line":60,"column":5}},"12":{"start":{"line":56,"column":6},"end":{"line":59,"column":9}},"13":{"start":{"line":67,"column":6},"end":{"line":70,"column":7}},"14":{"start":{"line":72,"column":4},"end":{"line":77,"column":5}},"15":{"start":{"line":73,"column":6},"end":{"line":76,"column":9}},"16":{"start":{"line":84,"column":6},"end":{"line":84,"column":37}},"17":{"start":{"line":90,"column":20},"end":{"line":108,"column":5}},"18":{"start":{"line":114,"column":18},"end":{"line":123,"column":5}},"19":{"start":{"line":129,"column":4},"end":{"line":134,"column":7}},"20":{"start":{"line":137,"column":4},"end":{"line":137,"column":23}},"21":{"start":{"line":139,"column":4},"end":{"line":142,"column":7}},"22":{"start":{"line":150,"column":14},"end":{"line":240,"column":1}},"23":{"start":{"line":151,"column":2},"end":{"line":239,"column":3}},"24":{"start":{"line":155,"column":8},"end":{"line":155,"column":16}},"25":{"start":{"line":161,"column":4},"end":{"line":166,"column":5}},"26":{"start":{"line":162,"column":6},"end":{"line":165,"column":9}},"27":{"start":{"line":172,"column":17},"end":{"line":175,"column":5}},"28":{"start":{"line":177,"column":4},"end":{"line":182,"column":5}},"29":{"start":{"line":178,"column":6},"end":{"line":181,"column":9}},"30":{"start":{"line":189,"column":6},"end":{"line":192,"column":7}},"31":{"start":{"line":194,"column":4},"end":{"line":199,"column":5}},"32":{"start":{"line":195,"column":6},"end":{"line":198,"column":9}},"33":{"start":{"line":205,"column":18},"end":{"line":214,"column":5}},"34":{"start":{"line":220,"column":4},"end":{"line":230,"column":7}},"35":{"start":{"line":233,"column":4},"end":{"line":233,"column":23}},"36":{"start":{"line":235,"column":4},"end":{"line":238,"column":7}},"37":{"start":{"line":246,"column":0},"end":{"line":249,"column":2}}},"fnMap":{"0":{"name":"(anonymous_0)","decl":{"start":{"line":18,"column":17},"end":{"line":18,"column":18}},"loc":{"start":{"line":18,"column":37},"end":{"line":144,"column":1}},"line":18},"1":{"name":"(anonymous_1)","decl":{"start":{"line":150,"column":14},"end":{"line":150,"column":15}},"loc":{"start":{"line":150,"column":34},"end":{"line":240,"column":1}},"line":150}},"branchMap":{"0":{"loc":{"start":{"line":31,"column":4},"end":{"line":41,"column":5}},"type":"if","locations":[{"start":{"line":31,"column":4},"end":{"line":41,"column":5}},{"start":{},"end":{}}],"line":31},"1":{"loc":{"start":{"line":32,"column":6},"end":{"line":35,"column":11}},"type":"binary-expr","locations":[{"start":{"line":32,"column":6},"end":{"line":32,"column":15}},{"start":{"line":33,"column":6},"end":{"line":33,"column":12}},{"start":{"line":34,"column":6},"end":{"line":34,"column":15}},{"start":{"line":35,"column":6},"end":{"line":35,"column":11}}],"line":32},"2":{"loc":{"start":{"line":43,"column":4},"end":{"line":48,"column":5}},"type":"if","locations":[{"start":{"line":43,"column":4},"end":{"line":48,"column":5}},{"start":{},"end":{}}],"line":43},"3":{"loc":{"start":{"line":55,"column":4},"end":{"line":60,"column":5}},"type":"if","locations":[{"start":{"line":55,"column":4},"end":{"line":60,"column":5}},{"start":{},"end":{}}],"line":55},"4":{"loc":{"start":{"line":72,"column":4},"end":{"line":77,"column":5}},"type":"if","locations":[{"start":{"line":72,"column":4},"end":{"line":77,"column":5}},{"start":{},"end":{}}],"line":72},"5":{"loc":{"start":{"line":161,"column":4},"end":{"line":166,"column":5}},"type":"if","locations":[{"start":{"line":161,"column":4},"end":{"line":166,"column":5}},{"start":{},"end":{}}],"line":161},"6":{"loc":{"start":{"line":161,"column":8},"end":{"line":161,"column":27}},"type":"binary-expr","locations":[{"start":{"line":161,"column":8},"end":{"line":161,"column":14}},{"start":{"line":161,"column":18},"end":{"line":161,"column":27}}],"line":161},"7":{"loc":{"start":{"line":177,"column":4},"end":{"line":182,"column":5}},"type":"if","locations":[{"start":{"line":177,"column":4},"end":{"line":182,"column":5}},{"start":{},"end":{}}],"line":177},"8":{"loc":{"start":{"line":194,"column":4},"end":{"line":199,"column":5}},"type":"if","locations":[{"start":{"line":194,"column":4},"end":{"line":199,"column":5}},{"start":{},"end":{}}],"line":194}},"s":{"0":1,"1":1,"2":1,"3":1,"4":5,"5":5,"6":5,"7":1,"8":4,"9":1,"10":3,"11":3,"12":1,"13":2,"14":2,"15":1,"16":1,"17":1,"18":1,"19":1,"20":0,"21":0,"22":1,"23":4,"24":4,"25":4,"26":1,"27":3,"28":3,"29":1,"30":2,"31":2,"32":1,"33":1,"34":1,"35":0,"36":0,"37":1},"f":{"0":5,"1":4},"b":{"0":[1,4],"1":[5,4,4,4],"2":[1,3],"3":[1,2],"4":[1,1],"5":[1,3],"6":[4,3],"7":[1,2],"8":[1,1]},"_coverageSchema":"1a1c01bbd47fc00a2c39e90264f33305004495a9","hash":"b37562ca3b22b8c36a969098f189f07feea98edc"}
}
