TN:
SF:src\controllers\auth.controller.js
FN:18,(anonymous_0)
FN:150,(anonymous_1)
FNF:2
FNH:2
FNDA:5,(anonymous_0)
FNDA:4,(anonymous_1)
DA:6,1
DA:9,1
DA:12,1
DA:18,1
DA:19,5
DA:25,5
DA:31,5
DA:37,1
DA:43,4
DA:44,1
DA:50,3
DA:55,3
DA:56,1
DA:67,2
DA:72,2
DA:73,1
DA:84,1
DA:90,1
DA:114,1
DA:129,1
DA:137,0
DA:139,0
DA:150,1
DA:151,4
DA:155,4
DA:161,4
DA:162,1
DA:172,3
DA:177,3
DA:178,1
DA:189,2
DA:194,2
DA:195,1
DA:205,1
DA:220,1
DA:233,0
DA:235,0
DA:246,1
LF:38
LH:34
BRDA:31,0,0,1
BRDA:31,0,1,4
BRDA:32,1,0,5
BRDA:32,1,1,4
BRDA:32,1,2,4
BRDA:32,1,3,4
BRDA:43,2,0,1
BRDA:43,2,1,3
BRDA:55,3,0,1
BRDA:55,3,1,2
BRDA:72,4,0,1
BRDA:72,4,1,1
BRDA:161,5,0,1
BRDA:161,5,1,3
BRDA:161,6,0,4
BRDA:161,6,1,3
BRDA:177,7,0,1
BRDA:177,7,1,2
BRDA:194,8,0,1
BRDA:194,8,1,1
BRF:20
BRH:20
end_of_record
